{"contracts\\AgroLendingPool.sol":{"l":{"42":9,"43":9,"44":9,"45":9,"49":8,"50":4,"52":4,"56":3,"57":2,"58":2,"62":7,"63":6,"65":6,"67":6,"68":6,"70":6,"72":6,"79":6,"80":6,"82":6,"86":1,"87":1,"89":1,"90":1,"91":1,"93":1,"94":1,"96":1,"97":1,"101":2,"102":2,"104":1,"105":1,"107":1,"111":1,"112":1,"113":1,"114":1,"115":1,"120":0},"path":"C:\\Users\\User\\AgroFi-Lend\\contracts\\AgroLendingPool.sol","s":{"1":9,"2":9,"3":8,"4":4,"5":4,"6":3,"7":2,"8":7,"9":6,"10":6,"11":6,"12":6,"13":6,"14":6,"15":6,"16":6,"17":1,"18":1,"19":1,"20":1,"21":1,"22":1,"23":1,"24":1,"25":2,"26":2,"27":1,"28":1,"29":1,"30":1,"31":0,"32":1,"33":1,"34":1,"35":0},"b":{"1":[4,4],"2":[3,1],"3":[2,1],"4":[7,0],"5":[7,0],"6":[6,1],"7":[6,0],"8":[6,0],"9":[1,0],"10":[1,0],"11":[2,0],"12":[1,1],"13":[0,1]},"f":{"1":9,"2":8,"3":3,"4":7,"5":1,"6":2,"7":1,"8":0},"fnMap":{"1":{"name":"constructor","line":41,"loc":{"start":{"line":41,"column":4},"end":{"line":46,"column":4}}},"2":{"name":"getLTV","line":48,"loc":{"start":{"line":48,"column":4},"end":{"line":53,"column":4}}},"3":{"name":"setAssetCustomLTV","line":55,"loc":{"start":{"line":55,"column":4},"end":{"line":59,"column":4}}},"4":{"name":"depositAndBorrow","line":61,"loc":{"start":{"line":61,"column":4},"end":{"line":83,"column":4}}},"5":{"name":"repayLoan","line":85,"loc":{"start":{"line":85,"column":4},"end":{"line":98,"column":4}}},"6":{"name":"liquidate","line":100,"loc":{"start":{"line":100,"column":4},"end":{"line":108,"column":4}}},"7":{"name":"getTotalDue","line":110,"loc":{"start":{"line":110,"column":4},"end":{"line":116,"column":4}}},"8":{"name":"supportsInterface","line":119,"loc":{"start":{"line":119,"column":4},"end":{"line":121,"column":4}}}},"statementMap":{"1":{"start":{"line":44,"column":8},"end":{"line":44,"column":49}},"2":{"start":{"line":45,"column":8},"end":{"line":45,"column":41}},"3":{"start":{"line":49,"column":8},"end":{"line":49,"column":1910}},"4":{"start":{"line":50,"column":12},"end":{"line":50,"column":37}},"5":{"start":{"line":52,"column":8},"end":{"line":52,"column":25}},"6":{"start":{"line":56,"column":8},"end":{"line":56,"column":57}},"7":{"start":{"line":58,"column":8},"end":{"line":58,"column":42}},"8":{"start":{"line":62,"column":8},"end":{"line":62,"column":82}},"9":{"start":{"line":63,"column":8},"end":{"line":63,"column":55}},"10":{"start":{"line":65,"column":8},"end":{"line":65,"column":93}},"11":{"start":{"line":67,"column":8},"end":{"line":67,"column":67}},"12":{"start":{"line":68,"column":8},"end":{"line":68,"column":45}},"13":{"start":{"line":70,"column":8},"end":{"line":70,"column":71}},"14":{"start":{"line":79,"column":8},"end":{"line":79,"column":91}},"15":{"start":{"line":80,"column":8},"end":{"line":80,"column":51}},"16":{"start":{"line":82,"column":8},"end":{"line":82,"column":48}},"17":{"start":{"line":86,"column":8},"end":{"line":86,"column":54}},"18":{"start":{"line":87,"column":8},"end":{"line":87,"column":48}},"19":{"start":{"line":89,"column":8},"end":{"line":89,"column":62}},"20":{"start":{"line":90,"column":8},"end":{"line":90,"column":112}},"21":{"start":{"line":91,"column":8},"end":{"line":91,"column":52}},"22":{"start":{"line":93,"column":8},"end":{"line":93,"column":66}},"23":{"start":{"line":94,"column":8},"end":{"line":94,"column":97}},"24":{"start":{"line":97,"column":8},"end":{"line":97,"column":45}},"25":{"start":{"line":101,"column":8},"end":{"line":101,"column":49}},"26":{"start":{"line":102,"column":8},"end":{"line":102,"column":42}},"27":{"start":{"line":104,"column":8},"end":{"line":104,"column":97}},"28":{"start":{"line":107,"column":8},"end":{"line":107,"column":46}},"29":{"start":{"line":111,"column":8},"end":{"line":111,"column":49}},"30":{"start":{"line":112,"column":8},"end":{"line":112,"column":36}},"31":{"start":{"line":112,"column":28},"end":{"line":112,"column":36}},"32":{"start":{"line":113,"column":8},"end":{"line":113,"column":62}},"33":{"start":{"line":114,"column":8},"end":{"line":114,"column":112}},"34":{"start":{"line":115,"column":8},"end":{"line":115,"column":40}},"35":{"start":{"line":120,"column":8},"end":{"line":120,"column":51}}},"branchMap":{"1":{"line":49,"type":"if","locations":[{"start":{"line":49,"column":8},"end":{"line":49,"column":8}},{"start":{"line":49,"column":8},"end":{"line":49,"column":8}}]},"2":{"line":55,"type":"if","locations":[{"start":{"line":55,"column":75},"end":{"line":55,"column":75}},{"start":{"line":55,"column":75},"end":{"line":55,"column":75}}]},"3":{"line":56,"type":"if","locations":[{"start":{"line":56,"column":8},"end":{"line":56,"column":8}},{"start":{"line":56,"column":8},"end":{"line":56,"column":8}}]},"4":{"line":61,"type":"if","locations":[{"start":{"line":61,"column":84},"end":{"line":61,"column":84}},{"start":{"line":61,"column":84},"end":{"line":61,"column":84}}]},"5":{"line":61,"type":"if","locations":[{"start":{"line":61,"column":97},"end":{"line":61,"column":97}},{"start":{"line":61,"column":97},"end":{"line":61,"column":97}}]},"6":{"line":62,"type":"if","locations":[{"start":{"line":62,"column":8},"end":{"line":62,"column":8}},{"start":{"line":62,"column":8},"end":{"line":62,"column":8}}]},"7":{"line":63,"type":"if","locations":[{"start":{"line":63,"column":8},"end":{"line":63,"column":8}},{"start":{"line":63,"column":8},"end":{"line":63,"column":8}}]},"8":{"line":79,"type":"if","locations":[{"start":{"line":79,"column":8},"end":{"line":79,"column":8}},{"start":{"line":79,"column":8},"end":{"line":79,"column":8}}]},"9":{"line":85,"type":"if","locations":[{"start":{"line":85,"column":50},"end":{"line":85,"column":50}},{"start":{"line":85,"column":50},"end":{"line":85,"column":50}}]},"10":{"line":87,"type":"if","locations":[{"start":{"line":87,"column":8},"end":{"line":87,"column":8}},{"start":{"line":87,"column":8},"end":{"line":87,"column":8}}]},"11":{"line":100,"type":"if","locations":[{"start":{"line":100,"column":65},"end":{"line":100,"column":65}},{"start":{"line":100,"column":65},"end":{"line":100,"column":65}}]},"12":{"line":102,"type":"if","locations":[{"start":{"line":102,"column":8},"end":{"line":102,"column":8}},{"start":{"line":102,"column":8},"end":{"line":102,"column":8}}]},"13":{"line":112,"type":"if","locations":[{"start":{"line":112,"column":8},"end":{"line":112,"column":8}},{"start":{"line":112,"column":8},"end":{"line":112,"column":8}}]}}},"contracts\\AgroRiskOracle.sol":{"l":{"43":0,"44":0,"45":0,"46":0,"47":0,"57":0,"64":0,"66":0,"72":0,"73":0,"74":0,"76":0,"77":0,"80":0,"82":0,"83":0,"85":0,"86":0,"87":0,"89":0,"90":0,"92":0,"93":0,"95":0,"98":0,"107":0,"113":0,"117":0,"124":0},"path":"C:\\Users\\User\\AgroFi-Lend\\contracts\\AgroRiskOracle.sol","s":{"1":0,"2":0,"3":0,"4":0,"5":0,"6":0,"7":0,"8":0,"9":0,"10":0,"11":0,"12":0,"13":0,"14":0,"15":0},"b":{"1":[0,0],"2":[0,0],"3":[0,0],"4":[0,0],"5":[0,0],"6":[0,0],"7":[0,0]},"f":{"1":0,"2":0,"3":0,"4":0,"5":0,"6":0},"fnMap":{"1":{"name":"constructor","line":42,"loc":{"start":{"line":35,"column":4},"end":{"line":48,"column":4}}},"2":{"name":"requestRiskCalculation","line":54,"loc":{"start":{"line":54,"column":4},"end":{"line":67,"column":4}}},"3":{"name":"_fulfillRequest","line":71,"loc":{"start":{"line":71,"column":4},"end":{"line":99,"column":4}}},"4":{"name":"setLendingPool","line":106,"loc":{"start":{"line":106,"column":4},"end":{"line":108,"column":4}}},"5":{"name":"withdrawLink","line":112,"loc":{"start":{"line":112,"column":4},"end":{"line":114,"column":4}}},"6":{"name":"getLatestPrice","line":116,"loc":{"start":{"line":116,"column":4},"end":{"line":125,"column":4}}}},"statementMap":{"1":{"start":{"line":64,"column":8},"end":{"line":64,"column":59}},"2":{"start":{"line":66,"column":8},"end":{"line":66,"column":30}},"3":{"start":{"line":76,"column":8},"end":{"line":76,"column":2950}},"4":{"start":{"line":77,"column":12},"end":{"line":77,"column":18}},"5":{"start":{"line":80,"column":8},"end":{"line":80,"column":54}},"6":{"start":{"line":82,"column":8},"end":{"line":82,"column":35}},"7":{"start":{"line":83,"column":8},"end":{"line":83,"column":29}},"8":{"start":{"line":85,"column":8},"end":{"line":85,"column":3163}},"9":{"start":{"line":88,"column":15},"end":{"line":88,"column":3328}},"10":{"start":{"line":91,"column":15},"end":{"line":91,"column":3495}},"11":{"start":{"line":95,"column":12},"end":{"line":95,"column":18}},"12":{"start":{"line":98,"column":8},"end":{"line":98,"column":73}},"13":{"start":{"line":113,"column":8},"end":{"line":113,"column":106}},"14":{"start":{"line":117,"column":8},"end":{"line":117,"column":4553}},"15":{"start":{"line":124,"column":8},"end":{"line":124,"column":20}}},"branchMap":{"1":{"line":54,"type":"if","locations":[{"start":{"line":54,"column":45},"end":{"line":54,"column":45}},{"start":{"line":54,"column":45},"end":{"line":54,"column":45}}]},"2":{"line":76,"type":"if","locations":[{"start":{"line":76,"column":8},"end":{"line":76,"column":8}},{"start":{"line":76,"column":8},"end":{"line":76,"column":8}}]},"3":{"line":85,"type":"if","locations":[{"start":{"line":85,"column":8},"end":{"line":85,"column":8}},{"start":{"line":85,"column":8},"end":{"line":85,"column":8}}]},"4":{"line":88,"type":"if","locations":[{"start":{"line":88,"column":15},"end":{"line":88,"column":15}},{"start":{"line":88,"column":15},"end":{"line":88,"column":15}}]},"5":{"line":91,"type":"if","locations":[{"start":{"line":91,"column":15},"end":{"line":91,"column":15}},{"start":{"line":91,"column":15},"end":{"line":91,"column":15}}]},"6":{"line":106,"type":"if","locations":[{"start":{"line":106,"column":64},"end":{"line":106,"column":64}},{"start":{"line":106,"column":64},"end":{"line":106,"column":64}}]},"7":{"line":112,"type":"if","locations":[{"start":{"line":112,"column":52},"end":{"line":112,"column":52}},{"start":{"line":112,"column":52},"end":{"line":112,"column":52}}]}}},"contracts\\AgroToken.sol":{"l":{"28":10,"34":10,"35":10,"39":0},"path":"C:\\Users\\User\\AgroFi-Lend\\contracts\\AgroToken.sol","s":{"1":10,"2":0},"b":{"1":[10,0]},"f":{"1":10,"2":10,"3":0},"fnMap":{"1":{"name":"constructor","line":21,"loc":{"start":{"line":21,"column":4},"end":{"line":21,"column":51}}},"2":{"name":"tokenizarHectarea","line":27,"loc":{"start":{"line":23,"column":4},"end":{"line":36,"column":4}}},"3":{"name":"uri","line":38,"loc":{"start":{"line":38,"column":4},"end":{"line":40,"column":4}}}},"statementMap":{"1":{"start":{"line":34,"column":8},"end":{"line":34,"column":65}},"2":{"start":{"line":39,"column":8},"end":{"line":39,"column":98}}},"branchMap":{"1":{"line":27,"type":"if","locations":[{"start":{"line":27,"column":13},"end":{"line":27,"column":13}},{"start":{"line":27,"column":13},"end":{"line":27,"column":13}}]}}},"contracts\\MockRiskOracle.sol":{"l":{"18":9,"27":2,"31":2,"33":2,"34":1,"36":0,"38":1,"42":2,"44":2},"path":"C:\\Users\\User\\AgroFi-Lend\\contracts\\MockRiskOracle.sol","s":{"1":2,"2":2,"3":2,"4":1,"5":2,"6":2},"b":{"1":[2,0],"2":[2,0],"3":[1,1],"4":[0,1]},"f":{"1":9,"2":2},"fnMap":{"1":{"name":"constructor","line":17,"loc":{"start":{"line":17,"column":4},"end":{"line":19,"column":4}}},"2":{"name":"updateRiskScore","line":26,"loc":{"start":{"line":26,"column":4},"end":{"line":45,"column":4}}}},"statementMap":{"1":{"start":{"line":27,"column":8},"end":{"line":27,"column":51}},"2":{"start":{"line":31,"column":8},"end":{"line":31,"column":22}},"3":{"start":{"line":33,"column":8},"end":{"line":33,"column":1171}},"4":{"start":{"line":35,"column":15},"end":{"line":35,"column":1280}},"5":{"start":{"line":42,"column":8},"end":{"line":42,"column":68}},"6":{"start":{"line":44,"column":8},"end":{"line":44,"column":59}}},"branchMap":{"1":{"line":26,"type":"if","locations":[{"start":{"line":26,"column":76},"end":{"line":26,"column":76}},{"start":{"line":26,"column":76},"end":{"line":26,"column":76}}]},"2":{"line":27,"type":"if","locations":[{"start":{"line":27,"column":8},"end":{"line":27,"column":8}},{"start":{"line":27,"column":8},"end":{"line":27,"column":8}}]},"3":{"line":33,"type":"if","locations":[{"start":{"line":33,"column":8},"end":{"line":33,"column":8}},{"start":{"line":33,"column":8},"end":{"line":33,"column":8}}]},"4":{"line":35,"type":"if","locations":[{"start":{"line":35,"column":15},"end":{"line":35,"column":15}},{"start":{"line":35,"column":15},"end":{"line":35,"column":15}}]}}},"contracts\\MockUSDC.sol":{"l":{"8":9,"12":9},"path":"C:\\Users\\User\\AgroFi-Lend\\contracts\\MockUSDC.sol","s":{"1":9,"2":9},"b":{},"f":{"1":9,"2":9},"fnMap":{"1":{"name":"constructor","line":7,"loc":{"start":{"line":7,"column":4},"end":{"line":9,"column":4}}},"2":{"name":"mintFaucet","line":11,"loc":{"start":{"line":11,"column":4},"end":{"line":13,"column":4}}}},"statementMap":{"1":{"start":{"line":8,"column":8},"end":{"line":8,"column":52}},"2":{"start":{"line":12,"column":8},"end":{"line":12,"column":49}}},"branchMap":{}}}